-I: Adding $AMBERHOME/dat/leap/prep to search path.
-I: Adding $AMBERHOME/dat/leap/lib to search path.
-I: Adding $AMBERHOME/dat/leap/parm to search path.
-I: Adding $AMBERHOME/dat/leap/cmd to search path.
-f: Source leapIn-GXM10deOAc.txt.

Welcome to LEaP!
(no leaprc in search path)
Sourcing: ./leapIn-GXM10deOAc.txt
----- Source: $AMBERHOME/dat/leap/cmd/leaprc.GLYCAM_06j-1
----- Source of $AMBERHOME/dat/leap/cmd/leaprc.GLYCAM_06j-1 done
Loading parameters: $AMBERHOME/dat/leap/parm/GLYCAM_06j.dat
Reading title:
GLYCAM_06_H PARAMETERS (FOR AMBER 11.0, RESP 0.010), COPYRIGHT CCRC 2011
Loading Prep file: $AMBERHOME/dat/leap/prep/GLYCAM_06j-1.prep
Loading library: $AMBERHOME/dat/leap/lib/GLYCAM_amino_06j_12SB.lib
Loading library: $AMBERHOME/dat/leap/lib/GLYCAM_aminoct_06j_12SB.lib
Loading library: $AMBERHOME/dat/leap/lib/GLYCAM_aminont_06j_12SB.lib
Loading library: $AMBERHOME/dat/leap/lib/solvents.lib
Loading library: $AMBERHOME/dat/leap/lib/atomic_ions.lib
Loading parameters: $AMBERHOME/dat/leap/parm/frcmod.ionsjc_tip3p
Reading force field modification type file (frcmod)
Reading title:
Monovalent ion parameters for Ewald and TIP3P water from Joung & Cheatham JPCB (2008)
----- Source: $AMBERHOME/dat/leap/cmd/leaprc.protein.ff14SB
----- Source of $AMBERHOME/dat/leap/cmd/leaprc.protein.ff14SB done
Log file: ./leap.log
Loading parameters: $AMBERHOME/dat/leap/parm/parm10.dat
Reading title:
PARM99 + frcmod.ff99SB + frcmod.parmbsc0 + OL3 for RNA
Loading parameters: $AMBERHOME/dat/leap/parm/frcmod.ff14SB
Reading force field modification type file (frcmod)
Reading title:
ff14SB protein backbone and sidechain parameters
Loading library: $AMBERHOME/dat/leap/lib/amino12.lib
Loading library: $AMBERHOME/dat/leap/lib/aminoct12.lib
Loading library: $AMBERHOME/dat/leap/lib/aminont12.lib
Substituting map 0HYP -> HYP  for  0HYP -> NHYP
Substituting map 1HYP -> CHYP  for  1HYP -> CHYP
Loading parameters: $AMBERHOME/dat/leap/parm/frcmod.tip3pfb
Reading force field modification type file (frcmod)
Reading title:
TIP3P-FB Water Model (Wang, Martinez, Pande, J. Phys. Chem. Lett., 5:1885, 2014)
Total unperturbed charge:  -1.582000
Total perturbed charge:    -1.582000
Checking Unit.

$AMBERHOME/bin/teLeap: Warning!
The unperturbed charge of the unit (-1.582000) is not integral.

$AMBERHOME/bin/teLeap: Warning!
The unperturbed charge of the unit (-1.582000) is not zero.

$AMBERHOME/bin/teLeap: Note.
Ignoring the error and warning from Unit Checking.

Building topology.
Building atom parameters.
Building bond parameters.
Building angle parameters.
Building proper torsion parameters.
Building improper torsion parameters.
 total 1 improper torsion applied
Building H-Bond parameters.
Incorporating Non-Bonded adjustments.
Not Marking per-residue atom chain types.
Marking per-residue atom chain types.
 (no restraints)
Writing pdb file: GXM10deOAc.pdb
2 Na+ ions required to neutralize.
Adding 2 counter ions to "gxm" using 1A grid
Grid extends from solute vdw + 1.37  to  7.28
Resolution:      1.00 Angstrom.
 (no solvent present)
Calculating grid charges
Placed Na+ in gxm at (1.26, -1.98, -10.16).
Placed Na+ in gxm at (13.26, -0.98, -13.16).

Done adding ions.
  Solute vdw bounding box:              17.537 21.007 27.125
  Total bounding box for atom centers:  33.537 37.007 43.125
  Solvent unit box:                     18.774 18.774 18.774
  Total vdw box size:                   36.623 40.373 46.286 angstroms.
  Volume: 68436.787 A^3 
  Total mass 29063.670 amu,  Density 0.705 g/cc
  Added 1525 residues.
Checking Unit.

$AMBERHOME/bin/teLeap: Warning!
The unperturbed charge of the unit (0.418000) is not integral.

$AMBERHOME/bin/teLeap: Warning!
The unperturbed charge of the unit (0.418000) is not zero.

$AMBERHOME/bin/teLeap: Note.
Ignoring the error and warning from Unit Checking.

Building topology.
Building atom parameters.
Building bond parameters.
Building angle parameters.
Building proper torsion parameters.
Building improper torsion parameters.
 total 1 improper torsion applied
Building H-Bond parameters.
Incorporating Non-Bonded adjustments.
Not Marking per-residue atom chain types.
Marking per-residue atom chain types.
  (Residues lacking connect0/connect1 - 
   these don't have chain types marked:

	res	total affected

	WAT	1525
  )
 (no restraints)
Writing pdb file: gxm10deOAc-tp3fb.pdb
   printing CRYST1 record to PDB file with box info
	Quit

Exiting LEaP: Errors = 0; Warnings = 4; Notes = 2.
