
                 ./       |      |        \.
               .:(        |i __ j|        ):`.
             .'   `._     |`::::'|     _.'    `.
           .'        "---.j `::' f.---"         `.
     _____/     ___    ____      __    __  ____   ___    
    |      \   |   |  |     `__'|  \  /  ||    | |   \    
    |  .-.  | .'   `| | .-.  |-/|   \/   || ___| |  . \   
    |  |_|  | |  i  | | |_| /"":|        || |    | | \ \  
    |       / | .^. | |    /::::|        || |__. | |  \ \ 
    |  ----'  | | | | |    \ :: |        ||  __| | |  |  )
    |  |     .' ''' `.|  |\ \   |  i  i  j| |    . | /  /  
    |  |     |   _   ||  | \ \  |  |\/|  || |__. | |.  / .
   [|  |     |  | |  ||  |  \ \ |  |  |  ||    | |    /   ].
  ] `--'     :--' `--::--'   \_|`--' ::--"|____|-"-- /    :[
  |      __  ::-'''`.:' "--.    .----::.----:: ,.---._    :|
  [  .-""  "`'              \  /      "      `'       `-. :].
 ]:.'                        \/                          `.:[
 |/                                                        \|

ParmEd: a Parameter file Editor


['parmedIn-HMR.txt']
Reading actions from parmedIn-HMR.txt

Adding prmtop gxm10deOAc-tp3fb.prmtop to parm list. gxm10deOAc-tp3fb.prmtop is the active parm.
Repartitioning hydrogen masses to 3.024 daltons. Not changing water hydrogen masses.
Outputting Amber topology file gxm10deOAcHMR-tp3fb.prmtop
Done!
