log started: Thu Jan  4 17:13:18 2024

Log file: ./leap.log
>> #
>> # ----- leaprc for loading the ff14SB force field
>> # ----- NOTE: this is designed for PDB format 3!
>> #
>> #	load atom type hybridizations
>> #
>> addAtomTypes {
>> 	{ "H"   "H" "sp3" }
>> 	{ "HO"  "H" "sp3" }
>> 	{ "HS"  "H" "sp3" }
>> 	{ "H1"  "H" "sp3" }
>> 	{ "H2"  "H" "sp3" }
>> 	{ "H3"  "H" "sp3" }
>> 	{ "H4"  "H" "sp3" }
>> 	{ "H5"  "H" "sp3" }
>> 	{ "HW"  "H" "sp3" }
>> 	{ "HC"  "H" "sp3" }
>> 	{ "HA"  "H" "sp3" }
>> 	{ "HP"  "H" "sp3" }
>> 	{ "HZ"  "H" "sp3" }
>> 	{ "OH"  "O" "sp3" }
>> 	{ "OS"  "O" "sp3" }
>> 	{ "O"   "O" "sp2" }
>> 	{ "O2"  "O" "sp2" }
>> 	{ "OP"  "O" "sp2" }
>> 	{ "OW"  "O" "sp3" }
>> 	{ "CT"  "C" "sp3" }
>> 	{ "CX"  "C" "sp3" }
>> 	{ "C8"  "C" "sp3" }
>> 	{ "2C"  "C" "sp3" }
>> 	{ "3C"  "C" "sp3" }
>> 	{ "CH"  "C" "sp3" }
>> 	{ "CS"  "C" "sp2" }
>> 	{ "C"   "C" "sp2" }
>> 	{ "CO"   "C" "sp2" }
>> 	{ "C*"  "C" "sp2" }
>> 	{ "CA"  "C" "sp2" }
>> 	{ "CB"  "C" "sp2" }
>> 	{ "CC"  "C" "sp2" }
>> 	{ "CN"  "C" "sp2" }
>> 	{ "CM"  "C" "sp2" }
>> 	{ "CK"  "C" "sp2" }
>> 	{ "CQ"  "C" "sp2" }
>> 	{ "CD"  "C" "sp2" }
>> 	{ "C5"  "C" "sp2" }
>> 	{ "C4"  "C" "sp2" }
>> 	{ "CP"  "C" "sp2" }
>> 	{ "CI"  "C" "sp3" }
>> 	{ "CJ"  "C" "sp2" }
>> 	{ "CW"  "C" "sp2" }
>> 	{ "CV"  "C" "sp2" }
>> 	{ "CR"  "C" "sp2" }
>> 	{ "CA"  "C" "sp2" }
>> 	{ "CY"  "C" "sp2" }
>> 	{ "C0"  "Ca" "sp3" }
>> 	{ "MG"  "Mg" "sp3" }
>> 	{ "N"   "N" "sp2" }
>> 	{ "NA"  "N" "sp2" }
>> 	{ "N2"  "N" "sp2" }
>> 	{ "N*"  "N" "sp2" }
>> 	{ "NP"  "N" "sp2" }
>> 	{ "NQ"  "N" "sp2" }
>> 	{ "NB"  "N" "sp2" }
>> 	{ "NC"  "N" "sp2" }
>> 	{ "NT"  "N" "sp3" }
>> 	{ "NY"  "N" "sp2" }
>> 	{ "N3"  "N" "sp3" }
>> 	{ "S"   "S" "sp3" }
>> 	{ "SH"  "S" "sp3" }
>> 	{ "P"   "P" "sp3" }
>> 	{ "LP"  ""  "sp3" }
>> 	{ "EP"  ""  "sp3" }
>> 	{ "F"   "F" "sp3" }
>> 	{ "Cl"  "Cl" "sp3" }
>> 	{ "Br"  "Br" "sp3" }
>> 	{ "I"   "I"  "sp3" }
>> }
>> #
>> #	Load the main parameter set.
>> #
>> parm10 = loadamberparams parm10.dat
Loading parameters: $AMBERHOME/dat/leap/parm/parm10.dat
Reading title:
PARM99 + frcmod.ff99SB + frcmod.parmbsc0 + OL3 for RNA
>> frcmod14SB = loadamberparams frcmod.ff14SB
Loading parameters: $AMBERHOME/dat/leap/parm/frcmod.ff14SB
Reading force field modification type file (frcmod)
Reading title:
ff14SB protein backbone and sidechain parameters
>> #
>> #	Load main chain and terminating amino acid libraries
>> #
>> loadOff amino12.lib
Loading library: $AMBERHOME/dat/leap/lib/amino12.lib
Loading: ALA
Loading: ARG
Loading: ASH
Loading: ASN
Loading: ASP
Loading: CYM
Loading: CYS
Loading: CYX
Loading: GLH
Loading: GLN
Loading: GLU
Loading: GLY
Loading: HID
Loading: HIE
Loading: HIP
Loading: HYP
Loading: ILE
Loading: LEU
Loading: LYN
Loading: LYS
Loading: MET
Loading: PHE
Loading: PRO
Loading: SER
Loading: THR
Loading: TRP
Loading: TYR
Loading: VAL
>> loadOff aminoct12.lib
Loading library: $AMBERHOME/dat/leap/lib/aminoct12.lib
Loading: CALA
Loading: CARG
Loading: CASN
Loading: CASP
Loading: CCYS
Loading: CCYX
Loading: CGLN
Loading: CGLU
Loading: CGLY
Loading: CHID
Loading: CHIE
Loading: CHIP
Loading: CHYP
Loading: CILE
Loading: CLEU
Loading: CLYS
Loading: CMET
Loading: CPHE
Loading: CPRO
Loading: CSER
Loading: CTHR
Loading: CTRP
Loading: CTYR
Loading: CVAL
Loading: NHE
Loading: NME
>> loadOff aminont12.lib
Loading library: $AMBERHOME/dat/leap/lib/aminont12.lib
Loading: ACE
Loading: NALA
Loading: NARG
Loading: NASN
Loading: NASP
Loading: NCYS
Loading: NCYX
Loading: NGLN
Loading: NGLU
Loading: NGLY
Loading: NHID
Loading: NHIE
Loading: NHIP
Loading: NILE
Loading: NLEU
Loading: NLYS
Loading: NMET
Loading: NPHE
Loading: NPRO
Loading: NSER
Loading: NTHR
Loading: NTRP
Loading: NTYR
Loading: NVAL
>> 
>> #
>> #	Define the PDB name map for the amino acids
>> #
>> addPdbResMap {
>>   { 0 "HYP" "HYP" } { 1 "HYP" "CHYP" }
>>   { 0 "ALA" "NALA" } { 1 "ALA" "CALA" }
>>   { 0 "ARG" "NARG" } { 1 "ARG" "CARG" }
>>   { 0 "ASN" "NASN" } { 1 "ASN" "CASN" }
>>   { 0 "ASP" "NASP" } { 1 "ASP" "CASP" }
>>   { 0 "CYS" "NCYS" } { 1 "CYS" "CCYS" }
>>   { 0 "CYX" "NCYX" } { 1 "CYX" "CCYX" }
>>   { 0 "GLN" "NGLN" } { 1 "GLN" "CGLN" }
>>   { 0 "GLU" "NGLU" } { 1 "GLU" "CGLU" }
>>   { 0 "GLY" "NGLY" } { 1 "GLY" "CGLY" }
>>   { 0 "HID" "NHID" } { 1 "HID" "CHID" }
>>   { 0 "HIE" "NHIE" } { 1 "HIE" "CHIE" }
>>   { 0 "HIP" "NHIP" } { 1 "HIP" "CHIP" }
>>   { 0 "ILE" "NILE" } { 1 "ILE" "CILE" }
>>   { 0 "LEU" "NLEU" } { 1 "LEU" "CLEU" }
>>   { 0 "LYS" "NLYS" } { 1 "LYS" "CLYS" }
>>   { 0 "MET" "NMET" } { 1 "MET" "CMET" }
>>   { 0 "PHE" "NPHE" } { 1 "PHE" "CPHE" }
>>   { 0 "PRO" "NPRO" } { 1 "PRO" "CPRO" }
>>   { 0 "SER" "NSER" } { 1 "SER" "CSER" }
>>   { 0 "THR" "NTHR" } { 1 "THR" "CTHR" }
>>   { 0 "TRP" "NTRP" } { 1 "TRP" "CTRP" }
>>   { 0 "TYR" "NTYR" } { 1 "TYR" "CTYR" }
>>   { 0 "VAL" "NVAL" } { 1 "VAL" "CVAL" }
>>   { 0 "HIS" "NHIS" } { 1 "HIS" "CHIS" }
>> }
Substituting map 0HYP -> HYP  for  0HYP -> NHYP
Substituting map 1HYP -> CHYP  for  1HYP -> CHYP
>> 
>> #
>> # assume that most often proteins use HIE
>> #
>> NHIS = NHIE
>> HIS = HIE
>> CHIS = CHIE
> 
> # Hugo Azurmendi - 01/02/2024; 'tleap' input file
> # Creates GXM10-Ac3 decasaccharide with O-acetylation.
> # SMA: 2,3,6-modified aMannose; ZMA: 2,3-modified aMannose
> # Xylose-b: 0XB; Glucuronic acid-b: 0ZB
> 
> # To execute (tested with AMBER 20 on Centos 7):
> # 'tleap -f leapIn-gxm10Ac3.txt'
> 
> # Note, charges should be corrected with 'parmed' for SMA@C6 to make the OS neutral;
> # this is done in the 'parmed' input file to create the HMR parameter file.
> 
> WAT = FB3 
> loadAmberParams frcmod.tip3pfb
Loading parameters: $AMBERHOME/dat/leap/parm/frcmod.tip3pfb
Reading force field modification type file (frcmod)
Reading title:
TIP3P-FB Water Model (Wang, Martinez, Pande, J. Phys. Chem. Lett., 5:1885, 2014)
> 
> gxm = sequence { OME SMA }      # GXM-deOAc
Sequence: OME
Sequence: SMA
> set gxm tail gxm.2.O2		# Set branch at Man1-O2
> gxm=sequence { gxm 0XB } 	# Add bXyl branch
Sequence: OME
Sequence: 0XB
> 
> set gxm tail gxm.2.O3		# Set for elongation at Man1-O3
> gxm=sequence { gxm ZMA } 	# Add Man2 
Sequence: OME
Sequence: ZMA
> 
> set gxm tail gxm.4.O2		# Set branch at Man2-O2
> gxm=sequence { gxm 0XB } 	# Add bXyl branch
Sequence: OME
Sequence: 0XB
> 
> set gxm tail gxm.4.O3		# Set for elongation at Man2-O3
> gxm=sequence { gxm SMA } 	# Add Man3 
Sequence: OME
Sequence: SMA
> 
> set gxm tail gxm.6.O2		# Set branch at Man3-O2
> gxm=sequence { gxm 0ZB } 	# Add bGlcA branch
Sequence: OME
Sequence: 0ZB
> 
> set gxm tail gxm.6.O3		# Set for elongation at Man3-O3
> gxm=sequence { gxm SMA } 	# Add Man4 
Sequence: OME
Sequence: SMA
> 
> set gxm tail gxm.8.O2		# Set branch at Man4-O2
> gxm=sequence { gxm 0XB } 	# Add bXyl branch
Sequence: OME
Sequence: 0XB
> 
> set gxm tail gxm.8.O3		# Set for elongation at Man4-O3
> gxm=sequence { gxm 2MA } 	# Add Man5 (O3 is now OH)
Sequence: OME
Sequence: 2MA
> 
> set gxm tail gxm.10.O2		# Set branch at Man5-O2
> gxm=sequence { gxm 0XB } 	# Add bXyl branch
Sequence: OME
Sequence: 0XB
> 
> set gxm tail gxm.2.O6		# Set modification at Man1-O6
> gxm=sequence { gxm ACX } 	# Add acetyl
Sequence: OME
Sequence: ACX
> 
> set gxm tail gxm.6.O6		# Set modification at Man3-O6
> gxm=sequence { gxm ACX } 	# Add acetyl
Sequence: OME
Sequence: ACX
> 
> set gxm tail gxm.8.O6		# Set modification at Man4-O6
> gxm=sequence { gxm ACX } 	# Add acetyl
Sequence: OME
Sequence: ACX
> 
> 
> charge gxm
Total unperturbed charge:  -1.024000
Total perturbed charge:    -1.024000
> saveamberparm gxm gxm10Ac3.prmtop gxm10Ac3.inpcrd
Checking Unit.

$AMBERHOME/bin/teLeap: Warning!
The unperturbed charge of the unit (-1.024000) is not integral.

$AMBERHOME/bin/teLeap: Warning!
The unperturbed charge of the unit (-1.024000) is not zero.

$AMBERHOME/bin/teLeap: Note.
Ignoring the error and warning from Unit Checking.

Building topology.
Building atom parameters.
Building bond parameters.
Building angle parameters.
Building proper torsion parameters.
Building improper torsion parameters.
 total 4 improper torsions applied
Building H-Bond parameters.
Incorporating Non-Bonded adjustments.
Not Marking per-residue atom chain types.
Marking per-residue atom chain types.
 (no restraints)
> savepdb gxm gxm10Ac3.pdb
Writing pdb file: gxm10Ac3.pdb
> 
> # Neutralization gives error due to rounding problem; this is corrected later with parmed.
> addIons gxm Na+ 0
1 Na+ ion required to neutralize.
Adding 1 counter ions to "gxm" using 1A grid
Total solute charge:  -1.02  Max atom radius:   1.91
Grid extends from solute vdw + 1.37  to  7.28
Box:
   enclosing:  -8.80 -15.98 -33.16   17.95 19.30  6.12
   sized:			      55.20 48.02 30.84
   edge:        64.00
Resolution:      1.00 Angstrom.
Tree depth: 6
Volume =  4.02% of box, grid points 10538
 (no solvent present)
Calculating grid charges
Placed Na+ in gxm at (3.20, 2.02, -17.16).

Done adding ions.
> 
> solvateBox gxm TIP3PFBOX 8.0 iso
  Solute vdw bounding box:              13.747 15.062 31.273
  Total bounding box for atom centers:  47.273 47.273 47.273
      (box expansion for 'iso' is 141.8%)
  Solvent unit box:                     18.774 18.774 18.774
The number of boxes:  x= 3  y= 3  z= 3
  Volume: 128857.895 A^3 
  Total mass 58067.476 amu,  Density 0.748 g/cc
  Added 3129 residues.
> saveamberparm gxm gxm10Ac3-tp3fb.prmtop gxm10Ac3-tp3fb.inpcrd
Checking Unit.

$AMBERHOME/bin/teLeap: Warning!
The unperturbed charge of the unit (-0.024000) is not integral.

$AMBERHOME/bin/teLeap: Warning!
The unperturbed charge of the unit (-0.024000) is not zero.

$AMBERHOME/bin/teLeap: Note.
Ignoring the error and warning from Unit Checking.

Building topology.
Building atom parameters.
Building bond parameters.
Building angle parameters.
Building proper torsion parameters.
Building improper torsion parameters.
 total 4 improper torsions applied
Building H-Bond parameters.
Incorporating Non-Bonded adjustments.
Not Marking per-residue atom chain types.
Marking per-residue atom chain types.
  (Residues lacking connect0/connect1 - 
   these don't have chain types marked:

	res	total affected

	WAT	3129
  )
 (no restraints)
> savepdb gxm gxm10Ac3-tp3fb.pdb
Writing pdb file: gxm10Ac3-tp3fb.pdb
   printing CRYST1 record to PDB file with box info
> 
> quit
	Quit

Exiting LEaP: Errors = 0; Warnings = 4; Notes = 2.
